[35m[Appium][39m Welcome to Appium v1.22.2
[35m[Appium][39m Non-default server args:
[35m[Appium][39m   port: 54039
[35m[Appium][39m   loglevel: info
[35m[Appium][39m   tmpDir: /var/folders/g1/xd4vgrx11ssdytbk584smlwc0000gn/T//Katalon/Appium/Temp1647944279612
[35m[Appium][39m   chromedriverPort: 54042
[35m[Appium][39m Deprecated server args:
[35m[Appium][39m   [31m--chromedriver-port[39m => --default-capabilities
[35m[Appium][39m Default capabilities, which will be added to each request unless overridden by desired capabilities:
[35m[Appium][39m   chromedriverPort: 54042
[35m[Appium][39m Appium REST http interface listener started on 0.0.0.0:54039
[35m[HTTP][39m [37m-->[39m [37mGET[39m [37m/wd/hub/status[39m
[35m[HTTP][39m [90m{}[39m
[35m[HTTP][39m [37m<-- GET /wd/hub/status [39m[32m200[39m [90m4 ms - 68[39m
[35m[HTTP][39m [90m[39m
[35m[HTTP][39m [37m-->[39m [37mGET[39m [37m/wd/hub/status[39m
[35m[HTTP][39m [90m{}[39m
[35m[HTTP][39m [37m<-- GET /wd/hub/status [39m[32m200[39m [90m1 ms - 68[39m
[35m[HTTP][39m [90m[39m
[35m[HTTP][39m [37m-->[39m [37mPOST[39m [37m/wd/hub/session[39m
[35m[HTTP][39m [90m{"desiredCapabilities":{"app":"/Users/anle/Projects/TestCloud/Testing/UIKitCatalog/UIKitCatalog.ipa","noReset":true,"deviceName":"iPhone 11","fullReset":false,"wdaLocalPort":54054,"newCommandTimeout":1800,"realDeviceLogger":"/Applications/Katalon Studio.app/Contents/Eclipse/configuration/resources/tools/deviceconsole","platformVersion":"15.0","automationName":"XCUITest","waitForAppScript":"true;","platformName":"iOS","udid":"5289B3E7-8EBB-457D-B56B-2BB810B5851A"},"capabilities":{"firstMatch":[{"appium:app":"/Users/anle/Projects/TestCloud/Testing/UIKitCatalog/UIKitCatalog.ipa","appium:automationName":"XCUITest","appium:deviceName":"iPhone 11","appium:fullReset":false,"appium:newCommandTimeout":1800,"appium:noReset":true,"platformName":"ios","appium:platformVersion":"15.0","realDeviceLogger":"/Applications/Katalon Studio.app/Contents/Eclipse/configuration/resources/tools/deviceconsole","appium:udid":"5289B3E7-8EBB-457D-B56B-2BB810B5851A","appium:waitForAppScript":"true;","appium:wdaLocalPort":54054}]}}[39m
[35m[BaseDriver][39m The following capabilities are not standard capabilities and should have an extension prefix:
[35m[BaseDriver][39m   realDeviceLogger
[35m[BaseDriver][39m   chromedriverPort
[35m[Appium][39m Appium v1.22.2 creating new XCUITestDriver (v3.59.0) session
[35m[BaseDriver][39m The following capabilities were provided, but are not recognized by Appium:
[35m[BaseDriver][39m   realDeviceLogger
[35m[BaseDriver][39m   chromedriverPort
[35m[BaseDriver][39m   waitForAppScript
[35m[BaseDriver][39m Session created with session id: b4d0b0b0-a5e6-4f03-bd24-e65edd0b102b
[35m[iOSSim][39m Constructing iOS simulator for Xcode version 13.0 with udid '5289B3E7-8EBB-457D-B56B-2BB810B5851A'
[35m[XCUITest][39m Determining device to run tests on: udid: '5289B3E7-8EBB-457D-B56B-2BB810B5851A', real device: false
[35m[BaseDriver][39m Using local app '/Users/anle/Projects/TestCloud/Testing/UIKitCatalog/UIKitCatalog.ipa'
[35m[BaseDriver][39m Assuming 'Payload/UIKitCatalog.app' is the correct bundle
[35m[BaseDriver][39m Unzipped local app to '/var/folders/g1/xd4vgrx11ssdytbk584smlwc0000gn/T/Katalon/Appium/Temp1647944279612/2022222-21395-f27xb.dttla/UIKitCatalog.app'
[35m[WebDriverAgent][39m Using WDA path: '/Users/anle/.nvm/versions/node/v12.18.2/lib/node_modules/appium/node_modules/appium-webdriveragent'
[35m[WebDriverAgent][39m Using WDA agent: '/Users/anle/.nvm/versions/node/v12.18.2/lib/node_modules/appium/node_modules/appium-webdriveragent/WebDriverAgent.xcodeproj'
[35m[XCUITest][39m Continuing without capturing device logs: iOS Simulator with udid '5289B3E7-8EBB-457D-B56B-2BB810B5851A' is not running
[35m[XCUITest][39m Setting up simulator
[35m[iOSSim][39m Starting Simulator UI with command: open -Fn /Applications/Xcode.app/Contents/Developer/Applications/Simulator.app --args -CurrentDeviceUDID 5289B3E7-8EBB-457D-B56B-2BB810B5851A
[35m[DevCon Factory][39m Releasing connections for 5289B3E7-8EBB-457D-B56B-2BB810B5851A device on any port number
[35m[DevCon Factory][39m No cached connections have been found
[35m[HTTP][39m [37m<-- POST /wd/hub/session [39m[31m500[39m [90m124774 ms - 787[39m
[35m[HTTP][39m [90m[39m
[35m[Appium][39m Received SIGTERM - shutting down
